
@----------------------------------------------------------@
|        PLINK!       |     v1.07      |   10/Aug/2009     |
|----------------------------------------------------------|
|  (C) 2009 Shaun Purcell, GNU General Public License, v2  |
|----------------------------------------------------------|
|  For documentation, citation & bug-report instructions:  |
|        http://pngu.mgh.harvard.edu/purcell/plink/        |
@----------------------------------------------------------@

Web-based version check ( --noweb to skip )
Recent cached web-check found...Problem connecting to web

Writing this text to log file [ C:\Users\meggi\OneDrive\Desktop\Project\Data\Final\PTPN22\PTPN22_Cont_Strat.log ]
Analysis started: Tue Oct 06 12:20:04 2020

Options in effect:
	--bfile C:\Users\meggi\OneDrive\Desktop\Project\Data\Final\PTPN22\PTPN22
	--freq
	--within C:\Users\meggi\OneDrive\Desktop\Project\Data\Final\PTPN22\1K.continent.cluster.dat
	--out C:\Users\meggi\OneDrive\Desktop\Project\Data\Final\PTPN22\PTPN22_Cont_Strat
	--gplink

Reading map (extended format) from [ C:\Users\meggi\OneDrive\Desktop\Project\Data\Final\PTPN22\PTPN22.bim ] 
1565 markers to be included from [ C:\Users\meggi\OneDrive\Desktop\Project\Data\Final\PTPN22\PTPN22.bim ]
Reading pedigree information from [ C:\Users\meggi\OneDrive\Desktop\Project\Data\Final\PTPN22\PTPN22.fam ] 
2504 individuals read from [ C:\Users\meggi\OneDrive\Desktop\Project\Data\Final\PTPN22\PTPN22.fam ] 
0 individuals with nonmissing phenotypes
Assuming a disease phenotype (1=unaff, 2=aff, 0=miss)
Missing phenotype value is also -9
0 cases, 0 controls and 2504 missing
0 males, 0 females, and 2504 of unspecified sex
Warning, found 2504 individuals with ambiguous sex codes
These individuals will be set to missing ( or use --allow-no-sex )
Writing list of these individuals to [ C:\Users\meggi\OneDrive\Desktop\Project\Data\Final\PTPN22\PTPN22_Cont_Strat.nosex ]
Reading genotype bitfile from [ C:\Users\meggi\OneDrive\Desktop\Project\Data\Final\PTPN22\PTPN22.bed ] 
Detected that binary PED file is v1.00 SNP-major mode
Reading clusters from [ C:\Users\meggi\OneDrive\Desktop\Project\Data\Final\PTPN22\1K.continent.cluster.dat ]
2504 of 2504 individuals assigned to 5 cluster(s)
Before frequency and genotyping pruning, there are 1565 SNPs
2504 founders and 0 non-founders found
Writing stratified allele frequencies (founders-only) to [ C:\Users\meggi\OneDrive\Desktop\Project\Data\Final\PTPN22\PTPN22_Cont_Strat.frq.strat ] 

Analysis finished: Tue Oct 06 12:20:05 2020

