
@----------------------------------------------------------@
|        PLINK!       |     v1.07      |   10/Aug/2009     |
|----------------------------------------------------------|
|  (C) 2009 Shaun Purcell, GNU General Public License, v2  |
|----------------------------------------------------------|
|  For documentation, citation & bug-report instructions:  |
|        http://pngu.mgh.harvard.edu/purcell/plink/        |
@----------------------------------------------------------@

Web-based version check ( --noweb to skip )
Connecting to web...  failed connection

Problem connecting to web

Writing this text to log file [ C:\Users\meggi\OneDrive\Desktop\Project\Data\Final\HLA\HLA_HWE1.log ]
Analysis started: Tue Nov 03 21:22:37 2020

Options in effect:
	--hwe 0.05
	--bfile C:\Users\meggi\OneDrive\Desktop\Project\Data\Final\HLA\HLA
	--within C:\Users\meggi\OneDrive\Desktop\Project\Data\Final\HLA\1K.continent.cluster.AFR.dat.txt
	--hardy
	--out C:\Users\meggi\OneDrive\Desktop\Project\Data\Final\HLA\HLA_HWE1
	--gplink

Reading map (extended format) from [ C:\Users\meggi\OneDrive\Desktop\Project\Data\Final\HLA\HLA.bim ] 
1062 markers to be included from [ C:\Users\meggi\OneDrive\Desktop\Project\Data\Final\HLA\HLA.bim ]
Reading pedigree information from [ C:\Users\meggi\OneDrive\Desktop\Project\Data\Final\HLA\HLA.fam ] 
2504 individuals read from [ C:\Users\meggi\OneDrive\Desktop\Project\Data\Final\HLA\HLA.fam ] 
0 individuals with nonmissing phenotypes
Assuming a disease phenotype (1=unaff, 2=aff, 0=miss)
Missing phenotype value is also -9
0 cases, 0 controls and 2504 missing
0 males, 0 females, and 2504 of unspecified sex
Warning, found 2504 individuals with ambiguous sex codes
These individuals will be set to missing ( or use --allow-no-sex )
Writing list of these individuals to [ C:\Users\meggi\OneDrive\Desktop\Project\Data\Final\HLA\HLA_HWE1.nosex ]
Reading genotype bitfile from [ C:\Users\meggi\OneDrive\Desktop\Project\Data\Final\HLA\HLA.bed ] 
Detected that binary PED file is v1.00 SNP-major mode
Reading clusters from [ C:\Users\meggi\OneDrive\Desktop\Project\Data\Final\HLA\1K.continent.cluster.AFR.dat.txt ]
0 of 2504 individuals assigned to 0 cluster(s)
Before frequency and genotyping pruning, there are 1062 SNPs
2504 founders and 0 non-founders found
Writing Hardy-Weinberg tests (founders-only) to [ C:\Users\meggi\OneDrive\Desktop\Project\Data\Final\HLA\HLA_HWE1.hwe ] 
687 markers to be excluded based on HWE test ( p <= 0.05 )
	0 markers failed HWE test in cases
	0 markers failed HWE test in controls
Total genotyping rate in remaining individuals is 1
0 SNPs failed missingness test ( GENO > 1 )
0 SNPs failed frequency test ( MAF < 0 )
After frequency and genotyping pruning, there are 375 SNPs
After filtering, 0 cases, 0 controls and 2504 missing
After filtering, 0 males, 0 females, and 2504 of unspecified sex

Analysis finished: Tue Nov 03 21:22:37 2020

